[0m[[0m[0mdebug[0m] [0m[0m> Exec(testOnly SC.TestALU -- -DwriteVcd=1, Some(f3c397b5-e79d-49d8-bf92-6691d2e027b4), Some(CommandSource(console0)))[0m
[0m[[0m[0mdebug[0m] [0m[0mEvaluating tasks: Test / testOnly[0m
[0m[[0m[0mdebug[0m] [0m[0mRunning task... Cancel: Signal, check cycles: false, forcegc: true[0m
[0m[[0m[0minfo[0m] [0m[0mcompiling 1 Scala source to /home/omer/Single Cycle/target/scala-2.12/test-classes ...[0m
[0m[[0m[33mwarn[0m] [0m[0m/home/omer/Single Cycle/src/test/scala/SC/ALU.scala:35:29: method >> in class Int is deprecated (since 2.12.7): shifting a value by a `Long` argument is deprecated (except when the value is a `Long`).[0m
[0m[[0m[33mwarn[0m] [0m[0mCall `toInt` on the argument to maintain the current behavior and avoid the deprecation warning.[0m
[0m[[0m[33mwarn[0m] [0m[0mcase ALU_SRA => src_a.toInt >> ( src_b & 0x1F )[0m
[0m[[0m[33mwarn[0m] [0m[0m                            ^[0m
[0m[[0m[33mwarn[0m] [0m[0mone warning found[0m
[0m[[0m[0minfo[0m] [0m[0m[32mTestALU:[0m[0m
[0m[[0m[0minfo[0m] [0m[0m[31m- ALU Test *** FAILED ***[0m[0m
[0m[[0m[0minfo[0m] [0m[0m[31m  firrtl.transforms.CheckCombLoops$CombLoopException: : [module ALU] Combinational loop detected:[0m[0m
[0m[[0m[0minfo[0m] [0m[0m[31mALU.io_CU_Branch_taken[0m[0m
[0m[[0m[0minfo[0m] [0m[0m[31mALU._GEN_7	 @[ALU.scala 79:28 ALU.scala 77:22][0m[0m
[0m[[0m[0minfo[0m] [0m[0m[31mALU.io_CU_Branch_taken[0m[0m
[0m[[0m[0minfo[0m] [0m[0m[31m  ...[0m[0m
[0m[[0m[0minfo[0m] [0m[0m[36mRun completed in 658 milliseconds.[0m[0m
[0m[[0m[0minfo[0m] [0m[0m[36mTotal number of tests run: 1[0m[0m
[0m[[0m[0minfo[0m] [0m[0m[36mSuites: completed 1, aborted 0[0m[0m
[0m[[0m[0minfo[0m] [0m[0m[36mTests: succeeded 0, failed 1, canceled 0, ignored 0, pending 0[0m[0m
[0m[[0m[0minfo[0m] [0m[0m[31m*** 1 TEST FAILED ***[0m[0m
[0m[[0m[31merror[0m] [0m[0mFailed tests:[0m
[0m[[0m[31merror[0m] [0m[0m	SC.TestALU[0m
[0m[[0m[31merror[0m] [0m[0m(Test / [31mtestOnly[0m) sbt.TestsFailedException: Tests unsuccessful[0m
[0m[[0m[31merror[0m] [0m[0mTotal time: 1 s, completed Jan 5, 2024, 6:33:03 PM[0m
[0m[[0m[0mdebug[0m] [0m[0m> Exec(shell, None, None)[0m
