[0m[[0m[0mdebug[0m] [0m[0m> Exec(testOnly SC.Immediate_Generation_Tester -- -DwriteVcd=1, Some(de318dee-3cf5-43e9-8b36-6c885f05e30f), Some(CommandSource(console0)))[0m
[0m[[0m[0mdebug[0m] [0m[0mEvaluating tasks: Test / testOnly[0m
[0m[[0m[0mdebug[0m] [0m[0mRunning task... Cancel: Signal, check cycles: false, forcegc: true[0m
[0m[[0m[0minfo[0m] [0m[0m[32mImmediate_Generation_Tester:[0m[0m
[0m[[0m[0minfo[0m] [0m[0m[31m- Immediate Generation *** FAILED ***[0m[0m
[0m[[0m[0minfo[0m] [0m[0m[31m  firrtl.passes.CheckInitialization$RefNotInitializedException: : [module ImmdValGen]  Reference io is not fully initialized.[0m[0m
[0m[[0m[0minfo[0m] [0m[0m[31m   : io.immd_se_SB <= validif(eq(_T_16, UInt<1>("h0")), validif(eq(_T_21, UInt<1>("h0")), validif(eq(_T_23, UInt<1>("h0")), validif(eq(_T_28, UInt<1>("h0")), mux(_T_30, _io_immd_se_SB_T_1, VOID)))))[0m[0m
[0m[[0m[0minfo[0m] [0m[0m[31m  ...[0m[0m
[0m[[0m[0minfo[0m] [0m[0m[36mRun completed in 575 milliseconds.[0m[0m
[0m[[0m[0minfo[0m] [0m[0m[36mTotal number of tests run: 1[0m[0m
[0m[[0m[0minfo[0m] [0m[0m[36mSuites: completed 1, aborted 0[0m[0m
[0m[[0m[0minfo[0m] [0m[0m[36mTests: succeeded 0, failed 1, canceled 0, ignored 0, pending 0[0m[0m
[0m[[0m[0minfo[0m] [0m[0m[31m*** 1 TEST FAILED ***[0m[0m
[0m[[0m[31merror[0m] [0m[0mFailed tests:[0m
[0m[[0m[31merror[0m] [0m[0m	SC.Immediate_Generation_Tester[0m
[0m[[0m[31merror[0m] [0m[0m(Test / [31mtestOnly[0m) sbt.TestsFailedException: Tests unsuccessful[0m
[0m[[0m[31merror[0m] [0m[0mTotal time: 1 s, completed Dec 29, 2023, 5:51:11 PM[0m
[0m[[0m[0mdebug[0m] [0m[0m> Exec(shell, None, None)[0m
